running develop
running egg_info
creating ur_script_sender_py.egg-info
writing ur_script_sender_py.egg-info/PKG-INFO
writing dependency_links to ur_script_sender_py.egg-info/dependency_links.txt
writing entry points to ur_script_sender_py.egg-info/entry_points.txt
writing requirements to ur_script_sender_py.egg-info/requires.txt
writing top-level names to ur_script_sender_py.egg-info/top_level.txt
writing manifest file 'ur_script_sender_py.egg-info/SOURCES.txt'
reading manifest file 'ur_script_sender_py.egg-info/SOURCES.txt'
writing manifest file 'ur_script_sender_py.egg-info/SOURCES.txt'
running build_ext
Creating /home/dxr/ws_ur_scripts/install/ur_script_sender_py/lib/python3.10/site-packages/ur-script-sender-py.egg-link (link to .)
Installing send_script script to /home/dxr/ws_ur_scripts/install/ur_script_sender_py/lib/ur_script_sender_py

Installed /home/dxr/ws_ur_scripts/build/ur_script_sender_py
running symlink_data
creating /home/dxr/ws_ur_scripts/install/ur_script_sender_py/share/ament_index
creating /home/dxr/ws_ur_scripts/install/ur_script_sender_py/share/ament_index/resource_index
creating /home/dxr/ws_ur_scripts/install/ur_script_sender_py/share/ament_index/resource_index/packages
symbolically linking /home/dxr/ws_ur_scripts/build/ur_script_sender_py/resource/ur_script_sender_py -> /home/dxr/ws_ur_scripts/install/ur_script_sender_py/share/ament_index/resource_index/packages
symbolically linking /home/dxr/ws_ur_scripts/build/ur_script_sender_py/package.xml -> /home/dxr/ws_ur_scripts/install/ur_script_sender_py/share/ur_script_sender_py
