[0.335s] Invoking command in '/home/dxr/ws_ur_scripts/build/ur_script_sender_py': PYTHONPATH=/home/dxr/ws_ur_scripts/build/ur_script_sender_py/prefix_override:/usr/lib/python3/dist-packages/colcon_core/task/python/colcon_distutils_commands:/home/dxr/ws_ur_scripts/install/ur_script_sender_py/lib/python3.10/site-packages:${PYTHONPATH} /usr/bin/python3 -W ignore:setup.py install is deprecated -W ignore:easy_install command is deprecated setup.py develop --editable --build-directory /home/dxr/ws_ur_scripts/build/ur_script_sender_py/build --no-deps symlink_data
[0.466s] running develop
[0.540s] running egg_info
[0.540s] creating ur_script_sender_py.egg-info
[0.540s] writing ur_script_sender_py.egg-info/PKG-INFO
[0.540s] writing dependency_links to ur_script_sender_py.egg-info/dependency_links.txt
[0.540s] writing entry points to ur_script_sender_py.egg-info/entry_points.txt
[0.540s] writing requirements to ur_script_sender_py.egg-info/requires.txt
[0.540s] writing top-level names to ur_script_sender_py.egg-info/top_level.txt
[0.540s] writing manifest file 'ur_script_sender_py.egg-info/SOURCES.txt'
[0.541s] reading manifest file 'ur_script_sender_py.egg-info/SOURCES.txt'
[0.541s] writing manifest file 'ur_script_sender_py.egg-info/SOURCES.txt'
[0.542s] running build_ext
[0.542s] Creating /home/dxr/ws_ur_scripts/install/ur_script_sender_py/lib/python3.10/site-packages/ur-script-sender-py.egg-link (link to .)
[0.543s] Installing send_script script to /home/dxr/ws_ur_scripts/install/ur_script_sender_py/lib/ur_script_sender_py
[0.543s] 
[0.543s] Installed /home/dxr/ws_ur_scripts/build/ur_script_sender_py
[0.543s] running symlink_data
[0.543s] creating /home/dxr/ws_ur_scripts/install/ur_script_sender_py/share/ament_index
[0.543s] creating /home/dxr/ws_ur_scripts/install/ur_script_sender_py/share/ament_index/resource_index
[0.543s] creating /home/dxr/ws_ur_scripts/install/ur_script_sender_py/share/ament_index/resource_index/packages
[0.543s] symbolically linking /home/dxr/ws_ur_scripts/build/ur_script_sender_py/resource/ur_script_sender_py -> /home/dxr/ws_ur_scripts/install/ur_script_sender_py/share/ament_index/resource_index/packages
[0.543s] symbolically linking /home/dxr/ws_ur_scripts/build/ur_script_sender_py/package.xml -> /home/dxr/ws_ur_scripts/install/ur_script_sender_py/share/ur_script_sender_py
[0.558s] Invoked command in '/home/dxr/ws_ur_scripts/build/ur_script_sender_py' returned '0': PYTHONPATH=/home/dxr/ws_ur_scripts/build/ur_script_sender_py/prefix_override:/usr/lib/python3/dist-packages/colcon_core/task/python/colcon_distutils_commands:/home/dxr/ws_ur_scripts/install/ur_script_sender_py/lib/python3.10/site-packages:${PYTHONPATH} /usr/bin/python3 -W ignore:setup.py install is deprecated -W ignore:easy_install command is deprecated setup.py develop --editable --build-directory /home/dxr/ws_ur_scripts/build/ur_script_sender_py/build --no-deps symlink_data
