[0.057s] DEBUG:colcon:Command line arguments: ['/usr/bin/colcon', 'build', '--symlink-install']
[0.057s] DEBUG:colcon:Parsed command line arguments: Namespace(log_base=None, log_level=None, verb_name='build', build_base='build', install_base='install', merge_install=False, symlink_install=True, test_result_base=None, continue_on_error=False, executor='parallel', parallel_workers=20, event_handlers=None, ignore_user_meta=False, metas=['./colcon.meta'], base_paths=['.'], packages_ignore=None, packages_ignore_regex=None, paths=None, packages_up_to=None, packages_up_to_regex=None, packages_above=None, packages_above_and_dependencies=None, packages_above_depth=None, packages_select_by_dep=None, packages_skip_by_dep=None, packages_skip_up_to=None, packages_select_build_failed=False, packages_skip_build_finished=False, packages_select_test_failures=False, packages_skip_test_passed=False, packages_select=None, packages_skip=None, packages_select_regex=None, packages_skip_regex=None, packages_start=None, packages_end=None, allow_overriding=[], cmake_args=None, cmake_target=None, cmake_target_skip_unavailable=False, cmake_clean_cache=False, cmake_clean_first=False, cmake_force_configure=False, ament_cmake_args=None, catkin_cmake_args=None, catkin_skip_building_tests=False, mixin_files=None, mixin=None, verb_parser=<colcon_mixin.mixin.mixin_argument.MixinArgumentDecorator object at 0x7ea5a2e5da50>, verb_extension=<colcon_core.verb.build.BuildVerb object at 0x7ea5a2e5d030>, main=<bound method BuildVerb.main of <colcon_core.verb.build.BuildVerb object at 0x7ea5a2e5d030>>, mixin_verb=('build',))
[0.139s] Level 1:colcon.colcon_core.package_discovery:discover_packages(colcon_meta) check parameters
[0.139s] Level 1:colcon.colcon_core.package_discovery:discover_packages(recursive) check parameters
[0.139s] Level 1:colcon.colcon_core.package_discovery:discover_packages(ignore) check parameters
[0.139s] Level 1:colcon.colcon_core.package_discovery:discover_packages(path) check parameters
[0.139s] Level 1:colcon.colcon_core.package_discovery:discover_packages(colcon_meta) discover
[0.139s] Level 1:colcon.colcon_core.package_discovery:discover_packages(recursive) discover
[0.139s] INFO:colcon.colcon_core.package_discovery:Crawling recursively for packages in '/home/dxr/ws_ur_scripts'
[0.139s] Level 1:colcon.colcon_core.package_identification:_identify(.) by extensions ['ignore', 'ignore_ament_install']
[0.139s] Level 1:colcon.colcon_core.package_identification:_identify(.) by extension 'ignore'
[0.139s] Level 1:colcon.colcon_core.package_identification:_identify(.) by extension 'ignore_ament_install'
[0.139s] Level 1:colcon.colcon_core.package_identification:_identify(.) by extensions ['colcon_pkg']
[0.139s] Level 1:colcon.colcon_core.package_identification:_identify(.) by extension 'colcon_pkg'
[0.139s] Level 1:colcon.colcon_core.package_identification:_identify(.) by extensions ['colcon_meta']
[0.139s] Level 1:colcon.colcon_core.package_identification:_identify(.) by extension 'colcon_meta'
[0.139s] Level 1:colcon.colcon_core.package_identification:_identify(.) by extensions ['ros']
[0.139s] Level 1:colcon.colcon_core.package_identification:_identify(.) by extension 'ros'
[0.145s] Level 1:colcon.colcon_core.package_identification:_identify(.) by extensions ['cmake', 'python']
[0.145s] Level 1:colcon.colcon_core.package_identification:_identify(.) by extension 'cmake'
[0.145s] Level 1:colcon.colcon_core.package_identification:_identify(.) by extension 'python'
[0.145s] Level 1:colcon.colcon_core.package_identification:_identify(.) by extensions ['python_setup_py']
[0.145s] Level 1:colcon.colcon_core.package_identification:_identify(.) by extension 'python_setup_py'
[0.145s] Level 1:colcon.colcon_core.package_identification:_identify(build) by extensions ['ignore', 'ignore_ament_install']
[0.145s] Level 1:colcon.colcon_core.package_identification:_identify(build) by extension 'ignore'
[0.145s] Level 1:colcon.colcon_core.package_identification:_identify(build) ignored
[0.145s] Level 1:colcon.colcon_core.package_identification:_identify(install) by extensions ['ignore', 'ignore_ament_install']
[0.146s] Level 1:colcon.colcon_core.package_identification:_identify(install) by extension 'ignore'
[0.146s] Level 1:colcon.colcon_core.package_identification:_identify(install) ignored
[0.146s] Level 1:colcon.colcon_core.package_identification:_identify(log) by extensions ['ignore', 'ignore_ament_install']
[0.146s] Level 1:colcon.colcon_core.package_identification:_identify(log) by extension 'ignore'
[0.146s] Level 1:colcon.colcon_core.package_identification:_identify(log) ignored
[0.146s] Level 1:colcon.colcon_core.package_identification:_identify(src) by extensions ['ignore', 'ignore_ament_install']
[0.146s] Level 1:colcon.colcon_core.package_identification:_identify(src) by extension 'ignore'
[0.146s] Level 1:colcon.colcon_core.package_identification:_identify(src) by extension 'ignore_ament_install'
[0.146s] Level 1:colcon.colcon_core.package_identification:_identify(src) by extensions ['colcon_pkg']
[0.146s] Level 1:colcon.colcon_core.package_identification:_identify(src) by extension 'colcon_pkg'
[0.146s] Level 1:colcon.colcon_core.package_identification:_identify(src) by extensions ['colcon_meta']
[0.146s] Level 1:colcon.colcon_core.package_identification:_identify(src) by extension 'colcon_meta'
[0.146s] Level 1:colcon.colcon_core.package_identification:_identify(src) by extensions ['ros']
[0.146s] Level 1:colcon.colcon_core.package_identification:_identify(src) by extension 'ros'
[0.146s] Level 1:colcon.colcon_core.package_identification:_identify(src) by extensions ['cmake', 'python']
[0.146s] Level 1:colcon.colcon_core.package_identification:_identify(src) by extension 'cmake'
[0.146s] Level 1:colcon.colcon_core.package_identification:_identify(src) by extension 'python'
[0.146s] Level 1:colcon.colcon_core.package_identification:_identify(src) by extensions ['python_setup_py']
[0.146s] Level 1:colcon.colcon_core.package_identification:_identify(src) by extension 'python_setup_py'
[0.146s] Level 1:colcon.colcon_core.package_identification:_identify(src/ur_script_sender_py) by extensions ['ignore', 'ignore_ament_install']
[0.146s] Level 1:colcon.colcon_core.package_identification:_identify(src/ur_script_sender_py) by extension 'ignore'
[0.146s] Level 1:colcon.colcon_core.package_identification:_identify(src/ur_script_sender_py) by extension 'ignore_ament_install'
[0.146s] Level 1:colcon.colcon_core.package_identification:_identify(src/ur_script_sender_py) by extensions ['colcon_pkg']
[0.146s] Level 1:colcon.colcon_core.package_identification:_identify(src/ur_script_sender_py) by extension 'colcon_pkg'
[0.146s] Level 1:colcon.colcon_core.package_identification:_identify(src/ur_script_sender_py) by extensions ['colcon_meta']
[0.146s] Level 1:colcon.colcon_core.package_identification:_identify(src/ur_script_sender_py) by extension 'colcon_meta'
[0.146s] Level 1:colcon.colcon_core.package_identification:_identify(src/ur_script_sender_py) by extensions ['ros']
[0.146s] Level 1:colcon.colcon_core.package_identification:_identify(src/ur_script_sender_py) by extension 'ros'
[0.148s] DEBUG:colcon.colcon_core.package_identification:Package 'src/ur_script_sender_py' with type 'ros.ament_python' and name 'ur_script_sender_py'
[0.148s] Level 1:colcon.colcon_core.package_discovery:discover_packages(recursive) using defaults
[0.148s] Level 1:colcon.colcon_core.package_discovery:discover_packages(ignore) discover
[0.148s] Level 1:colcon.colcon_core.package_discovery:discover_packages(ignore) using defaults
[0.148s] Level 1:colcon.colcon_core.package_discovery:discover_packages(path) discover
[0.148s] Level 1:colcon.colcon_core.package_discovery:discover_packages(path) using defaults
[0.165s] Level 1:colcon.colcon_core.package_discovery:discover_packages(prefix_path) check parameters
[0.165s] Level 1:colcon.colcon_core.package_discovery:discover_packages(prefix_path) discover
[0.166s] DEBUG:colcon.colcon_installed_package_information.package_discovery:Found 0 installed packages in /home/dxr/ws_ur_scripts/install
[0.167s] DEBUG:colcon.colcon_installed_package_information.package_discovery:Found 343 installed packages in /opt/ros/humble
[0.167s] Level 1:colcon.colcon_core.package_discovery:discover_packages(prefix_path) using defaults
[0.189s] Level 5:colcon.colcon_core.verb:set package 'ur_script_sender_py' build argument 'cmake_args' from command line to 'None'
[0.189s] Level 5:colcon.colcon_core.verb:set package 'ur_script_sender_py' build argument 'cmake_target' from command line to 'None'
[0.189s] Level 5:colcon.colcon_core.verb:set package 'ur_script_sender_py' build argument 'cmake_target_skip_unavailable' from command line to 'False'
[0.189s] Level 5:colcon.colcon_core.verb:set package 'ur_script_sender_py' build argument 'cmake_clean_cache' from command line to 'False'
[0.189s] Level 5:colcon.colcon_core.verb:set package 'ur_script_sender_py' build argument 'cmake_clean_first' from command line to 'False'
[0.189s] Level 5:colcon.colcon_core.verb:set package 'ur_script_sender_py' build argument 'cmake_force_configure' from command line to 'False'
[0.189s] Level 5:colcon.colcon_core.verb:set package 'ur_script_sender_py' build argument 'ament_cmake_args' from command line to 'None'
[0.189s] Level 5:colcon.colcon_core.verb:set package 'ur_script_sender_py' build argument 'catkin_cmake_args' from command line to 'None'
[0.189s] Level 5:colcon.colcon_core.verb:set package 'ur_script_sender_py' build argument 'catkin_skip_building_tests' from command line to 'False'
[0.189s] DEBUG:colcon.colcon_core.verb:Building package 'ur_script_sender_py' with the following arguments: {'ament_cmake_args': None, 'build_base': '/home/dxr/ws_ur_scripts/build/ur_script_sender_py', 'catkin_cmake_args': None, 'catkin_skip_building_tests': False, 'cmake_args': None, 'cmake_clean_cache': False, 'cmake_clean_first': False, 'cmake_force_configure': False, 'cmake_target': None, 'cmake_target_skip_unavailable': False, 'install_base': '/home/dxr/ws_ur_scripts/install/ur_script_sender_py', 'merge_install': False, 'path': '/home/dxr/ws_ur_scripts/src/ur_script_sender_py', 'symlink_install': True, 'test_result_base': None}
[0.189s] INFO:colcon.colcon_core.executor:Executing jobs using 'parallel' executor
[0.189s] DEBUG:colcon.colcon_parallel_executor.executor.parallel:run_until_complete
[0.190s] INFO:colcon.colcon_ros.task.ament_python.build:Building ROS package in '/home/dxr/ws_ur_scripts/src/ur_script_sender_py' with build type 'ament_python'
[0.190s] Level 1:colcon.colcon_core.shell:create_environment_hook('ur_script_sender_py', 'ament_prefix_path')
[0.191s] INFO:colcon.colcon_core.plugin_system:Skipping extension 'colcon_core.shell.bat': Not used on non-Windows systems
[0.191s] INFO:colcon.colcon_core.shell:Creating environment hook '/home/dxr/ws_ur_scripts/install/ur_script_sender_py/share/ur_script_sender_py/hook/ament_prefix_path.ps1'
[0.191s] INFO:colcon.colcon_core.shell:Creating environment descriptor '/home/dxr/ws_ur_scripts/install/ur_script_sender_py/share/ur_script_sender_py/hook/ament_prefix_path.dsv'
[0.192s] INFO:colcon.colcon_core.shell:Creating environment hook '/home/dxr/ws_ur_scripts/install/ur_script_sender_py/share/ur_script_sender_py/hook/ament_prefix_path.sh'
[0.192s] INFO:colcon.colcon_core.shell:Skip shell extension 'powershell' for command environment: Not usable outside of PowerShell
[0.192s] DEBUG:colcon.colcon_core.shell:Skip shell extension 'dsv' for command environment
[0.342s] INFO:colcon.colcon_core.task.python.build:Building Python package in '/home/dxr/ws_ur_scripts/src/ur_script_sender_py'
[0.342s] INFO:colcon.colcon_core.shell:Skip shell extension 'powershell' for command environment: Not usable outside of PowerShell
[0.342s] DEBUG:colcon.colcon_core.shell:Skip shell extension 'dsv' for command environment
[0.525s] DEBUG:colcon.colcon_core.event_handler.log_command:Invoking command in '/home/dxr/ws_ur_scripts/build/ur_script_sender_py': PYTHONPATH=/home/dxr/ws_ur_scripts/build/ur_script_sender_py/prefix_override:/usr/lib/python3/dist-packages/colcon_core/task/python/colcon_distutils_commands:/home/dxr/ws_ur_scripts/install/ur_script_sender_py/lib/python3.10/site-packages:${PYTHONPATH} /usr/bin/python3 -W ignore:setup.py install is deprecated -W ignore:easy_install command is deprecated setup.py develop --editable --build-directory /home/dxr/ws_ur_scripts/build/ur_script_sender_py/build --no-deps symlink_data
[0.747s] Level 1:colcon.colcon_core.shell:create_environment_hook('ur_script_sender_py', 'pythonpath_develop')
[0.748s] INFO:colcon.colcon_core.shell:Creating environment hook '/home/dxr/ws_ur_scripts/build/ur_script_sender_py/share/ur_script_sender_py/hook/pythonpath_develop.ps1'
[0.748s] DEBUG:colcon.colcon_core.event_handler.log_command:Invoked command in '/home/dxr/ws_ur_scripts/build/ur_script_sender_py' returned '0': PYTHONPATH=/home/dxr/ws_ur_scripts/build/ur_script_sender_py/prefix_override:/usr/lib/python3/dist-packages/colcon_core/task/python/colcon_distutils_commands:/home/dxr/ws_ur_scripts/install/ur_script_sender_py/lib/python3.10/site-packages:${PYTHONPATH} /usr/bin/python3 -W ignore:setup.py install is deprecated -W ignore:easy_install command is deprecated setup.py develop --editable --build-directory /home/dxr/ws_ur_scripts/build/ur_script_sender_py/build --no-deps symlink_data
[0.748s] INFO:colcon.colcon_core.shell:Creating environment descriptor '/home/dxr/ws_ur_scripts/build/ur_script_sender_py/share/ur_script_sender_py/hook/pythonpath_develop.dsv'
[0.748s] INFO:colcon.colcon_core.shell:Creating environment hook '/home/dxr/ws_ur_scripts/build/ur_script_sender_py/share/ur_script_sender_py/hook/pythonpath_develop.sh'
[0.749s] Level 1:colcon.colcon_core.environment:checking '/home/dxr/ws_ur_scripts/install/ur_script_sender_py' for CMake module files
[0.750s] Level 1:colcon.colcon_core.environment:checking '/home/dxr/ws_ur_scripts/install/ur_script_sender_py' for CMake config files
[0.750s] Level 1:colcon.colcon_core.environment:checking '/home/dxr/ws_ur_scripts/install/ur_script_sender_py/lib'
[0.750s] Level 1:colcon.colcon_core.environment:checking '/home/dxr/ws_ur_scripts/install/ur_script_sender_py/bin'
[0.750s] Level 1:colcon.colcon_core.environment:checking '/home/dxr/ws_ur_scripts/install/ur_script_sender_py/lib/pkgconfig/ur_script_sender_py.pc'
[0.750s] Level 1:colcon.colcon_core.environment:checking '/home/dxr/ws_ur_scripts/install/ur_script_sender_py/lib/python3.10/site-packages'
[0.750s] Level 1:colcon.colcon_core.shell:create_environment_hook('ur_script_sender_py', 'pythonpath')
[0.750s] INFO:colcon.colcon_core.shell:Creating environment hook '/home/dxr/ws_ur_scripts/install/ur_script_sender_py/share/ur_script_sender_py/hook/pythonpath.ps1'
[0.751s] INFO:colcon.colcon_core.shell:Creating environment descriptor '/home/dxr/ws_ur_scripts/install/ur_script_sender_py/share/ur_script_sender_py/hook/pythonpath.dsv'
[0.751s] INFO:colcon.colcon_core.shell:Creating environment hook '/home/dxr/ws_ur_scripts/install/ur_script_sender_py/share/ur_script_sender_py/hook/pythonpath.sh'
[0.751s] Level 1:colcon.colcon_core.environment:checking '/home/dxr/ws_ur_scripts/install/ur_script_sender_py/bin'
[0.751s] Level 1:colcon.colcon_core.environment:create_environment_scripts_only(ur_script_sender_py)
[0.751s] INFO:colcon.colcon_core.shell:Creating package script '/home/dxr/ws_ur_scripts/install/ur_script_sender_py/share/ur_script_sender_py/package.ps1'
[0.752s] INFO:colcon.colcon_core.shell:Creating package descriptor '/home/dxr/ws_ur_scripts/install/ur_script_sender_py/share/ur_script_sender_py/package.dsv'
[0.753s] INFO:colcon.colcon_core.shell:Creating package script '/home/dxr/ws_ur_scripts/install/ur_script_sender_py/share/ur_script_sender_py/package.sh'
[0.753s] INFO:colcon.colcon_core.shell:Creating package script '/home/dxr/ws_ur_scripts/install/ur_script_sender_py/share/ur_script_sender_py/package.bash'
[0.753s] INFO:colcon.colcon_core.shell:Creating package script '/home/dxr/ws_ur_scripts/install/ur_script_sender_py/share/ur_script_sender_py/package.zsh'
[0.754s] Level 1:colcon.colcon_core.environment:create_file_with_runtime_dependencies(/home/dxr/ws_ur_scripts/install/ur_script_sender_py/share/colcon-core/packages/ur_script_sender_py)
[0.754s] DEBUG:colcon.colcon_parallel_executor.executor.parallel:closing loop
[0.754s] DEBUG:colcon.colcon_parallel_executor.executor.parallel:loop closed
[0.754s] DEBUG:colcon.colcon_parallel_executor.executor.parallel:run_until_complete finished with '0'
[0.754s] DEBUG:colcon.colcon_core.event_reactor:joining thread
[0.757s] INFO:colcon.colcon_core.plugin_system:Skipping extension 'colcon_notification.desktop_notification.terminal_notifier': Not used on non-Darwin systems
[0.757s] INFO:colcon.colcon_core.plugin_system:Skipping extension 'colcon_notification.desktop_notification.win32': Not used on non-Windows systems
[0.757s] INFO:colcon.colcon_notification.desktop_notification:Sending desktop notification using 'notify2'
[0.765s] DEBUG:colcon.colcon_core.event_reactor:joined thread
[0.765s] INFO:colcon.colcon_core.shell:Creating prefix script '/home/dxr/ws_ur_scripts/install/local_setup.ps1'
[0.765s] INFO:colcon.colcon_core.shell:Creating prefix util module '/home/dxr/ws_ur_scripts/install/_local_setup_util_ps1.py'
[0.766s] INFO:colcon.colcon_core.shell:Creating prefix chain script '/home/dxr/ws_ur_scripts/install/setup.ps1'
[0.767s] INFO:colcon.colcon_core.shell:Creating prefix script '/home/dxr/ws_ur_scripts/install/local_setup.sh'
[0.767s] INFO:colcon.colcon_core.shell:Creating prefix util module '/home/dxr/ws_ur_scripts/install/_local_setup_util_sh.py'
[0.767s] INFO:colcon.colcon_core.shell:Creating prefix chain script '/home/dxr/ws_ur_scripts/install/setup.sh'
[0.768s] INFO:colcon.colcon_core.shell:Creating prefix script '/home/dxr/ws_ur_scripts/install/local_setup.bash'
[0.768s] INFO:colcon.colcon_core.shell:Creating prefix chain script '/home/dxr/ws_ur_scripts/install/setup.bash'
[0.769s] INFO:colcon.colcon_core.shell:Creating prefix script '/home/dxr/ws_ur_scripts/install/local_setup.zsh'
[0.769s] INFO:colcon.colcon_core.shell:Creating prefix chain script '/home/dxr/ws_ur_scripts/install/setup.zsh'
